[INFO] Scanning for projects...
[INFO] ------------------------------------------------------------------------
[INFO] Reactor Build Order:
[INFO] 
[INFO] app
[INFO] tickets
[INFO] validator
[INFO] app frontend
[INFO]                                                                         
[INFO] ------------------------------------------------------------------------
[INFO] Building app 1.0-SNAPSHOT
[INFO] ------------------------------------------------------------------------
[INFO]                                                                         
[INFO] ------------------------------------------------------------------------
[INFO] Building tickets 1.0-SNAPSHOT
[INFO] ------------------------------------------------------------------------
[INFO] 
[INFO] --- maven-resources-plugin:2.6:resources (default-resources) @ tickets ---
[WARNING] Using platform encoding (UTF-8 actually) to copy filtered resources, i.e. build is platform dependent!
[INFO] skip non existing resourceDirectory /home/tia/data/unitruth/Ingegneria del Software/Laboratorio/Esercitazioni/app/tickets/src/main/resources
[INFO] 
[INFO] --- maven-compiler-plugin:3.3:compile (default-compile) @ tickets ---
[INFO] Nothing to compile - all classes are up to date
[INFO] 
[INFO] --- maven-resources-plugin:2.6:testResources (default-testResources) @ tickets ---
[WARNING] Using platform encoding (UTF-8 actually) to copy filtered resources, i.e. build is platform dependent!
[INFO] skip non existing resourceDirectory /home/tia/data/unitruth/Ingegneria del Software/Laboratorio/Esercitazioni/app/tickets/src/test/resources
[INFO] 
[INFO] --- maven-compiler-plugin:3.3:testCompile (default-testCompile) @ tickets ---
[INFO] Nothing to compile - all classes are up to date
[INFO] 
[INFO] --- maven-surefire-plugin:2.12.4:test (default-test) @ tickets ---
[INFO] Surefire report directory: /home/tia/data/unitruth/Ingegneria del Software/Laboratorio/Esercitazioni/app/tickets/target/surefire-reports

-------------------------------------------------------
 T E S T S
-------------------------------------------------------
Running it.unica.iws.ctm.test.WalletTest
40
Tests run: 3, Failures: 0, Errors: 0, Skipped: 0, Time elapsed: 0.078 sec
Running it.unica.isw.ctm.tickets.test.TicketTest
Tests run: 0, Failures: 0, Errors: 0, Skipped: 0, Time elapsed: 0 sec
Running it.unica.isw.ctm.tickets.factories.test.DefaultSingleUseTicketFactoryTest
Tests run: 1, Failures: 0, Errors: 0, Skipped: 0, Time elapsed: 0.001 sec

Results :

Tests run: 4, Failures: 0, Errors: 0, Skipped: 0

[INFO] 
[INFO] --- maven-jar-plugin:2.4:jar (default-jar) @ tickets ---
[INFO]                                                                         
[INFO] ------------------------------------------------------------------------
[INFO] Building validator 1.0-SNAPSHOT
[INFO] ------------------------------------------------------------------------
[INFO] 
[INFO] --- maven-resources-plugin:2.6:resources (default-resources) @ validator ---
[WARNING] Using platform encoding (UTF-8 actually) to copy filtered resources, i.e. build is platform dependent!
[INFO] Copying 0 resource
[INFO] 
[INFO] --- maven-compiler-plugin:3.3:compile (default-compile) @ validator ---
[INFO] Nothing to compile - all classes are up to date
[INFO] 
[INFO] --- maven-resources-plugin:2.6:testResources (default-testResources) @ validator ---
[WARNING] Using platform encoding (UTF-8 actually) to copy filtered resources, i.e. build is platform dependent!
[INFO] Copying 0 resource
[INFO] 
[INFO] --- maven-compiler-plugin:3.3:testCompile (default-testCompile) @ validator ---
[INFO] Nothing to compile - all classes are up to date
[INFO] 
[INFO] --- maven-surefire-plugin:2.12.4:test (default-test) @ validator ---
[INFO] Surefire report directory: /home/tia/data/unitruth/Ingegneria del Software/Laboratorio/Esercitazioni/app/validator/target/surefire-reports

-------------------------------------------------------
 T E S T S
-------------------------------------------------------
Running it.unica.isw.ctm.validator.tests.TicketValidatorCollectorTest
In while...
In singleuseticketvalidatorcollector...
In arstvalidator...
Can't-validate: SINGLE_USE_TICKET vendor: CTM
Going on next: it.unica.isw.ctm.validator.singleusetickets.CTMSingleUseTicketValidator
In ctmvalidator...
In ctmvalidator for single use...
Validated
In while...
In singleuseticketvalidatorcollector...
In arstvalidator...
Can't-validate: SINGLE_USE_TICKET vendor: CTM
Going on next: it.unica.isw.ctm.validator.singleusetickets.CTMSingleUseTicketValidator
In ctmvalidator...
In ctmvalidator for single use...
Validated
In while...
In singleuseticketvalidatorcollector...
In arstvalidator...
Validating...
Validated
In while...
In singleuseticketvalidatorcollector...
In arstvalidator...
Validating...
Validated
Tests run: 2, Failures: 0, Errors: 0, Skipped: 0, Time elapsed: 0.228 sec
Running it.unica.isw.ctm.validator.singleusetickets.tests.CTMSingleUseTicketValidatorTest
In ctmvalidator...
In ctmvalidator for single use...
Validated
In ctmvalidator...
In ctmvalidator for single use...
Validated
[90] Ticket validated on: 30/3/2015 at 19:54:46
[90] Ticket expiring on: 30/3/2015 at 21:24:46
[120] Ticket validated on: 30/3/2015 at 19:54:46
[120] Ticket expiring on: 30/3/2015 at 21:54:46
In ctmvalidator...
In ctmvalidator for single use...
Tests run: 3, Failures: 0, Errors: 0, Skipped: 0, Time elapsed: 0.03 sec
Running it.unica.isw.ctm.validator.singleusetickets.tests.ARSTSingleUseTicketValidatorTest
In arstvalidator...
Validating...
Validated
In arstvalidator...
Validating...
Validated
[90] Ticket validated on: 30/3/2015 at 19:54:46
[90] Ticket expiring on: 30/3/2015 at 21:24:46
[120] Ticket validated on: 30/3/2015 at 19:54:46
[120] Ticket expiring on: 30/3/2015 at 21:54:46
In arstvalidator...
Tests run: 3, Failures: 0, Errors: 0, Skipped: 0, Time elapsed: 0.017 sec

Results :

Tests run: 8, Failures: 0, Errors: 0, Skipped: 0

[INFO] 
[INFO] --- maven-jar-plugin:2.4:jar (default-jar) @ validator ---
[INFO] Building jar: /home/tia/data/unitruth/Ingegneria del Software/Laboratorio/Esercitazioni/app/validator/target/validator-1.0-SNAPSHOT.jar
[INFO]                                                                         
[INFO] ------------------------------------------------------------------------
[INFO] Building app frontend 1.0-SNAPSHOT
[INFO] ------------------------------------------------------------------------
[INFO] 
[INFO] --- maven-resources-plugin:2.6:resources (default-resources) @ ctm ---
[INFO] Using 'UTF-8' encoding to copy filtered resources.
[INFO] skip non existing resourceDirectory /home/tia/data/unitruth/Ingegneria del Software/Laboratorio/Esercitazioni/app/ctm/src/main/resources
[INFO] 
[INFO] --- maven-compiler-plugin:3.3:compile (default-compile) @ ctm ---
[INFO] Nothing to compile - all classes are up to date
[INFO] 
[INFO] --- maven-resources-plugin:2.6:testResources (default-testResources) @ ctm ---
[INFO] Using 'UTF-8' encoding to copy filtered resources.
[INFO] skip non existing resourceDirectory /home/tia/data/unitruth/Ingegneria del Software/Laboratorio/Esercitazioni/app/ctm/src/test/resources
[INFO] 
[INFO] --- maven-compiler-plugin:3.3:testCompile (default-testCompile) @ ctm ---
[INFO] Nothing to compile - all classes are up to date
[INFO] 
[INFO] --- maven-surefire-plugin:2.12.4:test (default-test) @ ctm ---
[INFO] Surefire report directory: /home/tia/data/unitruth/Ingegneria del Software/Laboratorio/Esercitazioni/app/ctm/target/surefire-reports

-------------------------------------------------------
 T E S T S
-------------------------------------------------------
Running ctm.it.unica.isw.ctm.AppTest
Tests run: 1, Failures: 0, Errors: 0, Skipped: 0, Time elapsed: 0.081 sec
Running it.unica.isw.ctm.test.AppTest
Tests run: 0, Failures: 0, Errors: 0, Skipped: 0, Time elapsed: 0.002 sec

Results :

Tests run: 1, Failures: 0, Errors: 0, Skipped: 0

[INFO] 
[INFO] --- maven-jar-plugin:2.4:jar (default-jar) @ ctm ---
[INFO] ------------------------------------------------------------------------
[INFO] Reactor Summary:
[INFO] 
[INFO] app ................................................ SUCCESS [  0.278 s]
[INFO] tickets ............................................ SUCCESS [ 10.948 s]
[INFO] validator .......................................... SUCCESS [  1.594 s]
[INFO] app frontend ....................................... SUCCESS [  1.472 s]
[INFO] ------------------------------------------------------------------------
[INFO] BUILD SUCCESS
[INFO] ------------------------------------------------------------------------
[INFO] Total time: 14.880 s
[INFO] Finished at: 2015-04-30T19:54:48+02:00
[INFO] Final Memory: 12M/159M
[INFO] ------------------------------------------------------------------------
